[2025-04-12 13:00:11,325] INFO [QuorumController id=1] Periodic task expireDelegationTokens generated 0 records in 275 microseconds. (org.apache.kafka.controller.PeriodicTaskControlManager)
[2025-04-12 13:00:11,361] INFO [QuorumController id=1] Periodic task electPreferred generated 0 records in 29 microseconds. (org.apache.kafka.controller.PeriodicTaskControlManager)
[2025-04-12 13:00:11,362] INFO [QuorumController id=1] Periodic task electUnclean generated 0 records in 28 microseconds. (org.apache.kafka.controller.PeriodicTaskControlManager)
[2025-04-12 13:00:12,653] INFO [QuorumController id=1] In the last 60000 ms period, 327 controller events were completed, which took an average of 9.59 ms each. The slowest event was writeNoOpRecord(1838655759), which took 46.26 ms. (org.apache.kafka.controller.EventPerformanceMonitor)
[2025-04-12 13:01:12,666] INFO [QuorumController id=1] In the last 60000 ms period, 324 controller events were completed, which took an average of 9.85 ms each. The slowest event was writeNoOpRecord(102171561), which took 112.43 ms. (org.apache.kafka.controller.EventPerformanceMonitor)
[2025-04-12 13:02:12,663] INFO [QuorumController id=1] In the last 60000 ms period, 325 controller events were completed, which took an average of 12.81 ms each. The slowest event was writeNoOpRecord(1991432680), which took 408.59 ms. (org.apache.kafka.controller.EventPerformanceMonitor)
[2025-04-12 13:03:12,670] INFO [QuorumController id=1] In the last 60000 ms period, 320 controller events were completed, which took an average of 33.24 ms each. The slowest event was writeNoOpRecord(156436704), which took 1610.10 ms. (org.apache.kafka.controller.EventPerformanceMonitor)
[2025-04-12 13:04:13,195] INFO [QuorumController id=1] In the last 60000 ms period, 325 controller events were completed, which took an average of 14.50 ms each. The slowest event was generatePeriodicPerformanceMessage(1346440811), which took 541.93 ms. (org.apache.kafka.controller.EventPerformanceMonitor)
[2025-04-12 13:05:11,339] INFO [QuorumController id=1] Periodic task electPreferred generated 0 records in 69 microseconds. (org.apache.kafka.controller.PeriodicTaskControlManager)
[2025-04-12 13:05:11,339] INFO [QuorumController id=1] Periodic task electUnclean generated 0 records in 62 microseconds. (org.apache.kafka.controller.PeriodicTaskControlManager)
[2025-04-12 13:05:13,192] INFO [QuorumController id=1] In the last 60000 ms period, 326 controller events were completed, which took an average of 9.43 ms each. The slowest event was writeNoOpRecord(1680176424), which took 34.08 ms. (org.apache.kafka.controller.EventPerformanceMonitor)
[2025-04-12 13:06:13,188] INFO [QuorumController id=1] In the last 60000 ms period, 324 controller events were completed, which took an average of 9.50 ms each. The slowest event was writeNoOpRecord(2128640116), which took 26.45 ms. (org.apache.kafka.controller.EventPerformanceMonitor)
[2025-04-12 13:07:13,184] INFO [QuorumController id=1] In the last 60000 ms period, 325 controller events were completed, which took an average of 9.43 ms each. The slowest event was writeNoOpRecord(1104109936), which took 25.83 ms. (org.apache.kafka.controller.EventPerformanceMonitor)
[2025-04-12 13:08:13,180] INFO [QuorumController id=1] In the last 60000 ms period, 324 controller events were completed, which took an average of 9.46 ms each. The slowest event was writeNoOpRecord(1860877604), which took 26.21 ms. (org.apache.kafka.controller.EventPerformanceMonitor)
[2025-04-12 13:09:13,176] INFO [QuorumController id=1] In the last 60000 ms period, 324 controller events were completed, which took an average of 9.45 ms each. The slowest event was writeNoOpRecord(1695737236), which took 25.84 ms. (org.apache.kafka.controller.EventPerformanceMonitor)
[2025-04-12 13:10:11,316] INFO [QuorumController id=1] Periodic task electPreferred generated 0 records in 29 microseconds. (org.apache.kafka.controller.PeriodicTaskControlManager)
[2025-04-12 13:10:11,317] INFO [QuorumController id=1] Periodic task electUnclean generated 0 records in 24 microseconds. (org.apache.kafka.controller.PeriodicTaskControlManager)
[2025-04-12 13:10:13,173] INFO [QuorumController id=1] In the last 60000 ms period, 327 controller events were completed, which took an average of 9.44 ms each. The slowest event was writeNoOpRecord(1436222783), which took 25.85 ms. (org.apache.kafka.controller.EventPerformanceMonitor)
[2025-04-12 13:11:13,169] INFO [QuorumController id=1] In the last 60000 ms period, 324 controller events were completed, which took an average of 9.47 ms each. The slowest event was writeNoOpRecord(1182766350), which took 25.97 ms. (org.apache.kafka.controller.EventPerformanceMonitor)
[2025-04-12 13:12:13,166] INFO [QuorumController id=1] In the last 60000 ms period, 324 controller events were completed, which took an average of 9.69 ms each. The slowest event was writeNoOpRecord(1470464866), which took 26.10 ms. (org.apache.kafka.controller.EventPerformanceMonitor)
[2025-04-12 13:13:13,162] INFO [QuorumController id=1] In the last 60000 ms period, 325 controller events were completed, which took an average of 10.05 ms each. The slowest event was writeNoOpRecord(942431491), which took 27.14 ms. (org.apache.kafka.controller.EventPerformanceMonitor)
[2025-04-12 13:14:13,166] INFO [QuorumController id=1] In the last 60000 ms period, 324 controller events were completed, which took an average of 9.92 ms each. The slowest event was writeNoOpRecord(601659748), which took 26.01 ms. (org.apache.kafka.controller.EventPerformanceMonitor)
[2025-04-12 13:15:11,295] INFO [QuorumController id=1] Periodic task electPreferred generated 0 records in 26 microseconds. (org.apache.kafka.controller.PeriodicTaskControlManager)
[2025-04-12 13:15:11,295] INFO [QuorumController id=1] Periodic task electUnclean generated 0 records in 21 microseconds. (org.apache.kafka.controller.PeriodicTaskControlManager)
[2025-04-12 13:15:13,163] INFO [QuorumController id=1] In the last 60000 ms period, 326 controller events were completed, which took an average of 9.43 ms each. The slowest event was writeNoOpRecord(567903053), which took 25.96 ms. (org.apache.kafka.controller.EventPerformanceMonitor)
[2025-04-12 13:16:13,160] INFO [QuorumController id=1] In the last 60000 ms period, 325 controller events were completed, which took an average of 9.45 ms each. The slowest event was writeNoOpRecord(1621794867), which took 26.10 ms. (org.apache.kafka.controller.EventPerformanceMonitor)
[2025-04-12 13:17:13,156] INFO [QuorumController id=1] In the last 60000 ms period, 324 controller events were completed, which took an average of 9.55 ms each. The slowest event was writeNoOpRecord(2099957422), which took 25.92 ms. (org.apache.kafka.controller.EventPerformanceMonitor)
[2025-04-12 13:18:13,153] INFO [QuorumController id=1] In the last 60000 ms period, 324 controller events were completed, which took an average of 9.46 ms each. The slowest event was writeNoOpRecord(864811930), which took 25.96 ms. (org.apache.kafka.controller.EventPerformanceMonitor)
[2025-04-12 13:19:13,166] INFO [QuorumController id=1] In the last 60000 ms period, 325 controller events were completed, which took an average of 9.54 ms each. The slowest event was writeNoOpRecord(1996599167), which took 29.89 ms. (org.apache.kafka.controller.EventPerformanceMonitor)
[2025-04-12 13:20:11,274] INFO [QuorumController id=1] Periodic task electPreferred generated 0 records in 101 microseconds. (org.apache.kafka.controller.PeriodicTaskControlManager)
[2025-04-12 13:20:11,274] INFO [QuorumController id=1] Periodic task electUnclean generated 0 records in 49 microseconds. (org.apache.kafka.controller.PeriodicTaskControlManager)
[2025-04-12 13:20:13,163] INFO [QuorumController id=1] In the last 60000 ms period, 326 controller events were completed, which took an average of 9.50 ms each. The slowest event was writeNoOpRecord(491058007), which took 26.27 ms. (org.apache.kafka.controller.EventPerformanceMonitor)
[2025-04-12 13:21:13,160] INFO [QuorumController id=1] In the last 60000 ms period, 324 controller events were completed, which took an average of 9.50 ms each. The slowest event was writeNoOpRecord(1273610663), which took 30.84 ms. (org.apache.kafka.controller.EventPerformanceMonitor)
[2025-04-12 13:22:13,156] INFO [QuorumController id=1] In the last 60000 ms period, 325 controller events were completed, which took an average of 9.53 ms each. The slowest event was writeNoOpRecord(731674422), which took 29.06 ms. (org.apache.kafka.controller.EventPerformanceMonitor)
[2025-04-12 13:23:13,354] INFO [QuorumController id=1] In the last 60000 ms period, 324 controller events were completed, which took an average of 10.43 ms each. The slowest event was generatePeriodicPerformanceMessage(97000180), which took 201.79 ms. (org.apache.kafka.controller.EventPerformanceMonitor)
[2025-04-12 13:24:13,351] INFO [QuorumController id=1] In the last 60000 ms period, 324 controller events were completed, which took an average of 10.10 ms each. The slowest event was writeNoOpRecord(2049489807), which took 25.90 ms. (org.apache.kafka.controller.EventPerformanceMonitor)
[2025-04-12 13:25:11,252] INFO [QuorumController id=1] Periodic task electPreferred generated 0 records in 34 microseconds. (org.apache.kafka.controller.PeriodicTaskControlManager)
[2025-04-12 13:25:11,269] INFO [QuorumController id=1] Periodic task electUnclean generated 0 records in 66 microseconds. (org.apache.kafka.controller.PeriodicTaskControlManager)
[2025-04-12 13:25:13,346] INFO [QuorumController id=1] In the last 60000 ms period, 327 controller events were completed, which took an average of 9.74 ms each. The slowest event was writeNoOpRecord(115926543), which took 27.32 ms. (org.apache.kafka.controller.EventPerformanceMonitor)
[2025-04-12 13:26:13,343] INFO [QuorumController id=1] In the last 60000 ms period, 324 controller events were completed, which took an average of 9.46 ms each. The slowest event was writeNoOpRecord(146045022), which took 27.75 ms. (org.apache.kafka.controller.EventPerformanceMonitor)
[2025-04-12 13:27:13,339] INFO [QuorumController id=1] In the last 60000 ms period, 324 controller events were completed, which took an average of 9.65 ms each. The slowest event was writeNoOpRecord(105812495), which took 30.77 ms. (org.apache.kafka.controller.EventPerformanceMonitor)
[2025-04-12 13:28:13,337] INFO [QuorumController id=1] In the last 60000 ms period, 325 controller events were completed, which took an average of 9.46 ms each. The slowest event was writeNoOpRecord(1549160716), which took 26.98 ms. (org.apache.kafka.controller.EventPerformanceMonitor)
[2025-04-12 13:29:13,334] INFO [QuorumController id=1] In the last 60000 ms period, 324 controller events were completed, which took an average of 9.86 ms each. The slowest event was writeNoOpRecord(1170495030), which took 135.62 ms. (org.apache.kafka.controller.EventPerformanceMonitor)
[2025-04-12 13:30:11,249] INFO [QuorumController id=1] Periodic task electPreferred generated 0 records in 35 microseconds. (org.apache.kafka.controller.PeriodicTaskControlManager)
[2025-04-12 13:30:11,250] INFO [QuorumController id=1] Periodic task electUnclean generated 0 records in 99 microseconds. (org.apache.kafka.controller.PeriodicTaskControlManager)
[2025-04-12 13:30:13,332] INFO [QuorumController id=1] In the last 60000 ms period, 326 controller events were completed, which took an average of 9.44 ms each. The slowest event was writeNoOpRecord(422770820), which took 26.16 ms. (org.apache.kafka.controller.EventPerformanceMonitor)
[2025-04-12 13:31:13,322] INFO [QuorumController id=1] In the last 60000 ms period, 325 controller events were completed, which took an average of 9.52 ms each. The slowest event was writeNoOpRecord(565808785), which took 37.60 ms. (org.apache.kafka.controller.EventPerformanceMonitor)
[2025-04-12 13:32:13,366] INFO [QuorumController id=1] In the last 60000 ms period, 321 controller events were completed, which took an average of 18.81 ms each. The slowest event was writeNoOpRecord(1250909114), which took 942.33 ms. (org.apache.kafka.controller.EventPerformanceMonitor)
[2025-04-12 13:33:13,363] INFO [QuorumController id=1] In the last 60000 ms period, 324 controller events were completed, which took an average of 9.49 ms each. The slowest event was writeNoOpRecord(640311555), which took 27.79 ms. (org.apache.kafka.controller.EventPerformanceMonitor)
[2025-04-12 13:34:13,360] INFO [QuorumController id=1] In the last 60000 ms period, 325 controller events were completed, which took an average of 9.78 ms each. The slowest event was writeNoOpRecord(344695231), which took 26.43 ms. (org.apache.kafka.controller.EventPerformanceMonitor)
[2025-04-12 13:35:11,229] INFO [QuorumController id=1] Periodic task electPreferred generated 0 records in 32 microseconds. (org.apache.kafka.controller.PeriodicTaskControlManager)
[2025-04-12 13:35:11,229] INFO [QuorumController id=1] Periodic task electUnclean generated 0 records in 30 microseconds. (org.apache.kafka.controller.PeriodicTaskControlManager)
[2025-04-12 13:35:13,357] INFO [QuorumController id=1] In the last 60000 ms period, 326 controller events were completed, which took an average of 10.19 ms each. The slowest event was writeNoOpRecord(2114017312), which took 25.86 ms. (org.apache.kafka.controller.EventPerformanceMonitor)
[2025-04-12 13:36:13,353] INFO [QuorumController id=1] In the last 60000 ms period, 324 controller events were completed, which took an average of 9.76 ms each. The slowest event was writeNoOpRecord(1309435108), which took 25.86 ms. (org.apache.kafka.controller.EventPerformanceMonitor)
[2025-04-12 13:37:13,350] INFO [QuorumController id=1] In the last 60000 ms period, 325 controller events were completed, which took an average of 9.54 ms each. The slowest event was writeNoOpRecord(1326422481), which took 26.24 ms. (org.apache.kafka.controller.EventPerformanceMonitor)
[2025-04-12 13:38:13,347] INFO [QuorumController id=1] In the last 60000 ms period, 324 controller events were completed, which took an average of 9.63 ms each. The slowest event was writeNoOpRecord(1186876970), which took 25.98 ms. (org.apache.kafka.controller.EventPerformanceMonitor)
[2025-04-12 13:39:13,344] INFO [QuorumController id=1] In the last 60000 ms period, 324 controller events were completed, which took an average of 9.50 ms each. The slowest event was writeNoOpRecord(691941876), which took 29.54 ms. (org.apache.kafka.controller.EventPerformanceMonitor)
[2025-04-12 13:40:11,208] INFO [QuorumController id=1] Periodic task electPreferred generated 0 records in 34 microseconds. (org.apache.kafka.controller.PeriodicTaskControlManager)
[2025-04-12 13:40:11,209] INFO [QuorumController id=1] Periodic task electUnclean generated 0 records in 28 microseconds. (org.apache.kafka.controller.PeriodicTaskControlManager)
[2025-04-12 13:40:13,340] INFO [QuorumController id=1] In the last 60000 ms period, 327 controller events were completed, which took an average of 9.38 ms each. The slowest event was writeNoOpRecord(1248618347), which took 26.02 ms. (org.apache.kafka.controller.EventPerformanceMonitor)
[2025-04-12 13:41:13,337] INFO [QuorumController id=1] In the last 60000 ms period, 324 controller events were completed, which took an average of 9.49 ms each. The slowest event was writeNoOpRecord(951294665), which took 28.58 ms. (org.apache.kafka.controller.EventPerformanceMonitor)
