[2025-04-12T01:43:36.397-0300][gc,init] CardTable entry size: 512
[2025-04-12T01:43:36.399-0300][gc     ] Using G1
[2025-04-12T01:43:36.408-0300][gc,init] Version: 21.0.6+8-LTS-188 (release)
[2025-04-12T01:43:36.408-0300][gc,init] CPUs: 8 total, 8 available
[2025-04-12T01:43:36.408-0300][gc,init] Memory: 7790M
[2025-04-12T01:43:36.409-0300][gc,init] Large Page Support: Disabled
[2025-04-12T01:43:36.409-0300][gc,init] NUMA Support: Disabled
[2025-04-12T01:43:36.409-0300][gc,init] Compressed Oops: Enabled (32-bit)
[2025-04-12T01:43:36.410-0300][gc,init] Heap Region Size: 1M
[2025-04-12T01:43:36.410-0300][gc,init] Heap Min Capacity: 1G
[2025-04-12T01:43:36.410-0300][gc,init] Heap Initial Capacity: 1G
[2025-04-12T01:43:36.411-0300][gc,init] Heap Max Capacity: 1G
[2025-04-12T01:43:36.412-0300][gc,init] Pre-touch: Disabled
[2025-04-12T01:43:36.412-0300][gc,init] Parallel Workers: 8
[2025-04-12T01:43:36.412-0300][gc,init] Concurrent Workers: 2
[2025-04-12T01:43:36.412-0300][gc,init] Concurrent Refinement Workers: 8
[2025-04-12T01:43:36.413-0300][gc,init] Periodic GC: Disabled
[2025-04-12T01:43:36.423-0300][gc,metaspace] CDS archive(s) mapped at: [0x00007fa73f000000-0x00007fa73fcab000-0x00007fa73fcab000), size 13283328, SharedBaseAddress: 0x00007fa73f000000, ArchiveRelocationMode: 1.
[2025-04-12T01:43:36.423-0300][gc,metaspace] Compressed class space mapped at: 0x00007fa740000000-0x00007fa780000000, reserved size: 1073741824
[2025-04-12T01:43:36.424-0300][gc,metaspace] Narrow klass base: 0x00007fa73f000000, Narrow klass shift: 0, Narrow klass range: 0x100000000
[2025-04-12T01:43:41.531-0300][gc,start    ] GC(0) Pause Young (Normal) (G1 Evacuation Pause)
[2025-04-12T01:43:41.533-0300][gc,task     ] GC(0) Using 8 workers of 8 for evacuation
[2025-04-12T01:43:41.551-0300][gc,phases   ] GC(0)   Pre Evacuate Collection Set: 0.9ms
[2025-04-12T01:43:41.552-0300][gc,phases   ] GC(0)   Merge Heap Roots: 0.5ms
[2025-04-12T01:43:41.552-0300][gc,phases   ] GC(0)   Evacuate Collection Set: 14.0ms
[2025-04-12T01:43:41.553-0300][gc,phases   ] GC(0)   Post Evacuate Collection Set: 2.0ms
[2025-04-12T01:43:41.553-0300][gc,phases   ] GC(0)   Other: 2.7ms
[2025-04-12T01:43:41.553-0300][gc,heap     ] GC(0) Eden regions: 51->0(44)
[2025-04-12T01:43:41.554-0300][gc,heap     ] GC(0) Survivor regions: 0->7(7)
[2025-04-12T01:43:41.554-0300][gc,heap     ] GC(0) Old regions: 2->4
[2025-04-12T01:43:41.554-0300][gc,heap     ] GC(0) Humongous regions: 0->0
[2025-04-12T01:43:41.555-0300][gc,metaspace] GC(0) Metaspace: 16071K(16256K)->16071K(16256K) NonClass: 14335K(14464K)->14335K(14464K) Class: 1736K(1792K)->1736K(1792K)
[2025-04-12T01:43:41.555-0300][gc          ] GC(0) Pause Young (Normal) (G1 Evacuation Pause) 52M->9M(1024M) 24.515ms
[2025-04-12T01:43:41.555-0300][gc,cpu      ] GC(0) User=0.06s Sys=0.03s Real=0.03s
[2025-04-12T01:43:42.395-0300][gc,start    ] GC(1) Pause Young (Concurrent Start) (Metadata GC Threshold)
[2025-04-12T01:43:42.395-0300][gc,task     ] GC(1) Using 8 workers of 8 for evacuation
[2025-04-12T01:43:42.406-0300][gc,phases   ] GC(1)   Pre Evacuate Collection Set: 0.9ms
[2025-04-12T01:43:42.406-0300][gc,phases   ] GC(1)   Merge Heap Roots: 0.3ms
[2025-04-12T01:43:42.407-0300][gc,phases   ] GC(1)   Evacuate Collection Set: 7.7ms
[2025-04-12T01:43:42.407-0300][gc,phases   ] GC(1)   Post Evacuate Collection Set: 1.2ms
[2025-04-12T01:43:42.407-0300][gc,phases   ] GC(1)   Other: 0.4ms
[2025-04-12T01:43:42.407-0300][gc,heap     ] GC(1) Eden regions: 16->0(49)
[2025-04-12T01:43:42.408-0300][gc,heap     ] GC(1) Survivor regions: 7->2(7)
[2025-04-12T01:43:42.408-0300][gc,heap     ] GC(1) Old regions: 4->11
[2025-04-12T01:43:42.408-0300][gc,heap     ] GC(1) Humongous regions: 0->0
[2025-04-12T01:43:42.408-0300][gc,metaspace] GC(1) Metaspace: 21190K(21504K)->21190K(21504K) NonClass: 18676K(18816K)->18676K(18816K) Class: 2513K(2688K)->2513K(2688K)
[2025-04-12T01:43:42.409-0300][gc          ] GC(1) Pause Young (Concurrent Start) (Metadata GC Threshold) 24M->10M(1024M) 13.635ms
[2025-04-12T01:43:42.409-0300][gc,cpu      ] GC(1) User=0.03s Sys=0.02s Real=0.01s
[2025-04-12T01:43:42.409-0300][gc          ] GC(2) Concurrent Mark Cycle
[2025-04-12T01:43:42.410-0300][gc,marking  ] GC(2) Concurrent Scan Root Regions
[2025-04-12T01:43:42.414-0300][gc,marking  ] GC(2) Concurrent Scan Root Regions 4.488ms
[2025-04-12T01:43:42.415-0300][gc,marking  ] GC(2) Concurrent Mark
[2025-04-12T01:43:42.415-0300][gc,marking  ] GC(2) Concurrent Mark From Roots
[2025-04-12T01:43:42.415-0300][gc,task     ] GC(2) Using 2 workers of 2 for marking
[2025-04-12T01:43:42.420-0300][gc,marking  ] GC(2) Concurrent Mark From Roots 4.763ms
[2025-04-12T01:43:42.420-0300][gc,marking  ] GC(2) Concurrent Preclean
[2025-04-12T01:43:42.421-0300][gc,marking  ] GC(2) Concurrent Preclean 0.305ms
[2025-04-12T01:43:42.421-0300][gc,start    ] GC(2) Pause Remark
[2025-04-12T01:43:42.426-0300][gc          ] GC(2) Pause Remark 11M->11M(1024M) 4.423ms
[2025-04-12T01:43:42.426-0300][gc,cpu      ] GC(2) User=0.01s Sys=0.00s Real=0.01s
[2025-04-12T01:43:42.426-0300][gc,marking  ] GC(2) Concurrent Mark 11.698ms
[2025-04-12T01:43:42.427-0300][gc,marking  ] GC(2) Concurrent Rebuild Remembered Sets and Scrub Regions
[2025-04-12T01:43:42.431-0300][gc,marking  ] GC(2) Concurrent Rebuild Remembered Sets and Scrub Regions 4.482ms
[2025-04-12T01:43:42.432-0300][gc,start    ] GC(2) Pause Cleanup
[2025-04-12T01:43:42.433-0300][gc          ] GC(2) Pause Cleanup 11M->11M(1024M) 0.738ms
[2025-04-12T01:43:42.433-0300][gc,cpu      ] GC(2) User=0.00s Sys=0.00s Real=0.00s
[2025-04-12T01:43:42.434-0300][gc,marking  ] GC(2) Concurrent Clear Claimed Marks
[2025-04-12T01:43:42.434-0300][gc,marking  ] GC(2) Concurrent Clear Claimed Marks 0.478ms
[2025-04-12T01:43:42.435-0300][gc,marking  ] GC(2) Concurrent Cleanup for Next Mark
[2025-04-12T01:43:42.449-0300][gc,marking  ] GC(2) Concurrent Cleanup for Next Mark 13.849ms
[2025-04-12T01:43:42.449-0300][gc          ] GC(2) Concurrent Mark Cycle 40.322ms
[2025-04-12T01:43:47.037-0300][gc,start    ] GC(3) Pause Young (Prepare Mixed) (G1 Evacuation Pause)
[2025-04-12T01:43:47.038-0300][gc,task     ] GC(3) Using 8 workers of 8 for evacuation
[2025-04-12T01:43:47.060-0300][gc,mmu      ] GC(3) MMU target violated: 21.0ms (20.0ms/21.0ms)
[2025-04-12T01:43:47.061-0300][gc,phases   ] GC(3)   Pre Evacuate Collection Set: 1.8ms
[2025-04-12T01:43:47.061-0300][gc,phases   ] GC(3)   Merge Heap Roots: 0.6ms
[2025-04-12T01:43:47.062-0300][gc,phases   ] GC(3)   Evacuate Collection Set: 15.5ms
[2025-04-12T01:43:47.062-0300][gc,phases   ] GC(3)   Post Evacuate Collection Set: 2.9ms
[2025-04-12T01:43:47.063-0300][gc,phases   ] GC(3)   Other: 1.7ms
[2025-04-12T01:43:47.063-0300][gc,heap     ] GC(3) Eden regions: 49->0(45)
[2025-04-12T01:43:47.064-0300][gc,heap     ] GC(3) Survivor regions: 2->6(7)
[2025-04-12T01:43:47.064-0300][gc,heap     ] GC(3) Old regions: 11->11
[2025-04-12T01:43:47.065-0300][gc,heap     ] GC(3) Humongous regions: 9->9
[2025-04-12T01:43:47.065-0300][gc,metaspace] GC(3) Metaspace: 34114K(34624K)->34114K(34624K) NonClass: 30242K(30528K)->30242K(30528K) Class: 3872K(4096K)->3872K(4096K)
[2025-04-12T01:43:47.066-0300][gc          ] GC(3) Pause Young (Prepare Mixed) (G1 Evacuation Pause) 68M->24M(1024M) 28.863ms
[2025-04-12T01:43:47.066-0300][gc,cpu      ] GC(3) User=0.11s Sys=0.02s Real=0.03s
[2025-04-12T01:43:47.522-0300][gc,start    ] GC(4) Pause Young (Mixed) (Metadata GC Threshold)
[2025-04-12T01:43:47.522-0300][gc,task     ] GC(4) Using 8 workers of 8 for evacuation
[2025-04-12T01:43:47.553-0300][gc,mmu      ] GC(4) MMU target violated: 21.0ms (20.0ms/21.0ms)
[2025-04-12T01:43:47.554-0300][gc,phases   ] GC(4)   Pre Evacuate Collection Set: 1.0ms
[2025-04-12T01:43:47.554-0300][gc,phases   ] GC(4)   Merge Heap Roots: 0.4ms
[2025-04-12T01:43:47.555-0300][gc,phases   ] GC(4)   Evacuate Collection Set: 26.1ms
[2025-04-12T01:43:47.555-0300][gc,phases   ] GC(4)   Post Evacuate Collection Set: 2.3ms
[2025-04-12T01:43:47.556-0300][gc,phases   ] GC(4)   Other: 1.7ms
[2025-04-12T01:43:47.556-0300][gc,heap     ] GC(4) Eden regions: 7->0(49)
[2025-04-12T01:43:47.557-0300][gc,heap     ] GC(4) Survivor regions: 6->2(7)
[2025-04-12T01:43:47.558-0300][gc,heap     ] GC(4) Old regions: 11->16
[2025-04-12T01:43:47.558-0300][gc,heap     ] GC(4) Humongous regions: 9->9
[2025-04-12T01:43:47.559-0300][gc,metaspace] GC(4) Metaspace: 35607K(36096K)->35607K(36096K) NonClass: 31533K(31808K)->31533K(31808K) Class: 4074K(4288K)->4074K(4288K)
[2025-04-12T01:43:47.560-0300][gc          ] GC(4) Pause Young (Mixed) (Metadata GC Threshold) 31M->25M(1024M) 37.952ms
[2025-04-12T01:43:47.560-0300][gc,cpu      ] GC(4) User=0.10s Sys=0.08s Real=0.04s
[2025-04-12T01:43:47.617-0300][gc,start    ] GC(5) Pause Young (Concurrent Start) (Metadata GC Threshold)
[2025-04-12T01:43:47.618-0300][gc,task     ] GC(5) Using 8 workers of 8 for evacuation
[2025-04-12T01:43:47.627-0300][gc,phases   ] GC(5)   Pre Evacuate Collection Set: 1.3ms
[2025-04-12T01:43:47.628-0300][gc,phases   ] GC(5)   Merge Heap Roots: 0.5ms
[2025-04-12T01:43:47.629-0300][gc,phases   ] GC(5)   Evacuate Collection Set: 3.4ms
[2025-04-12T01:43:47.629-0300][gc,phases   ] GC(5)   Post Evacuate Collection Set: 2.3ms
[2025-04-12T01:43:47.630-0300][gc,phases   ] GC(5)   Other: 1.2ms
[2025-04-12T01:43:47.630-0300][gc,heap     ] GC(5) Eden regions: 2->0(50)
[2025-04-12T01:43:47.631-0300][gc,heap     ] GC(5) Survivor regions: 2->1(7)
[2025-04-12T01:43:47.632-0300][gc,heap     ] GC(5) Old regions: 16->16
[2025-04-12T01:43:47.633-0300][gc,heap     ] GC(5) Humongous regions: 9->9
[2025-04-12T01:43:47.633-0300][gc,metaspace] GC(5) Metaspace: 35880K(36416K)->35880K(36416K) NonClass: 31789K(32128K)->31789K(32128K) Class: 4091K(4288K)->4091K(4288K)
[2025-04-12T01:43:47.634-0300][gc          ] GC(5) Pause Young (Concurrent Start) (Metadata GC Threshold) 27M->24M(1024M) 16.707ms
[2025-04-12T01:43:47.635-0300][gc,cpu      ] GC(5) User=0.02s Sys=0.00s Real=0.02s
[2025-04-12T01:43:47.635-0300][gc          ] GC(6) Concurrent Mark Cycle
[2025-04-12T01:43:47.637-0300][gc,marking  ] GC(6) Concurrent Scan Root Regions
[2025-04-12T01:43:47.640-0300][gc,marking  ] GC(6) Concurrent Scan Root Regions 3.644ms
[2025-04-12T01:43:47.641-0300][gc,marking  ] GC(6) Concurrent Mark
[2025-04-12T01:43:47.642-0300][gc,marking  ] GC(6) Concurrent Mark From Roots
[2025-04-12T01:43:47.642-0300][gc,task     ] GC(6) Using 2 workers of 2 for marking
[2025-04-12T01:43:47.712-0300][gc,marking  ] GC(6) Concurrent Mark From Roots 70.489ms
[2025-04-12T01:43:47.716-0300][gc,marking  ] GC(6) Concurrent Preclean
[2025-04-12T01:43:47.717-0300][gc,marking  ] GC(6) Concurrent Preclean 0.973ms
[2025-04-12T01:43:47.720-0300][gc,start    ] GC(6) Pause Remark
[2025-04-12T01:43:47.734-0300][gc          ] GC(6) Pause Remark 26M->26M(1024M) 14.216ms
[2025-04-12T01:43:47.736-0300][gc,cpu      ] GC(6) User=0.02s Sys=0.02s Real=0.02s
[2025-04-12T01:43:47.736-0300][gc,marking  ] GC(6) Concurrent Mark 95.300ms
[2025-04-12T01:43:47.737-0300][gc,marking  ] GC(6) Concurrent Rebuild Remembered Sets and Scrub Regions
[2025-04-12T01:43:47.762-0300][gc,marking  ] GC(6) Concurrent Rebuild Remembered Sets and Scrub Regions 24.614ms
[2025-04-12T01:43:47.763-0300][gc,start    ] GC(6) Pause Cleanup
[2025-04-12T01:43:47.765-0300][gc          ] GC(6) Pause Cleanup 26M->26M(1024M) 1.624ms
[2025-04-12T01:43:47.765-0300][gc,cpu      ] GC(6) User=0.00s Sys=0.00s Real=0.01s
[2025-04-12T01:43:47.766-0300][gc,marking  ] GC(6) Concurrent Clear Claimed Marks
[2025-04-12T01:43:47.768-0300][gc,marking  ] GC(6) Concurrent Clear Claimed Marks 1.373ms
[2025-04-12T01:43:47.768-0300][gc,marking  ] GC(6) Concurrent Cleanup for Next Mark
[2025-04-12T01:43:47.821-0300][gc,marking  ] GC(6) Concurrent Cleanup for Next Mark 52.889ms
[2025-04-12T01:43:47.823-0300][gc          ] GC(6) Concurrent Mark Cycle 187.208ms
