[2025-04-12 01:45:03,423] INFO [Broker id=1] Transitioning 1 partition(s) to local leaders. (state.change.logger)
[2025-04-12 01:45:03,428] INFO [Broker id=1] Creating new partition quickstart-events-0 with topic id UprehpBpQhqTyJeg5Z6iFQ. (state.change.logger)
[2025-04-12 01:45:03,481] INFO [Broker id=1] Leader quickstart-events-0 with topic id Some(UprehpBpQhqTyJeg5Z6iFQ) starts at leader epoch 0 from offset 0 with partition epoch 0, high watermark 0, ISR [1], adding replicas [] and removing replicas [] . Previous leader None and previous leader epoch was -1. (state.change.logger)
[2025-04-12 01:46:44,302] INFO [Broker id=1] Transitioning 50 partition(s) to local leaders. (state.change.logger)
[2025-04-12 01:46:44,305] INFO [Broker id=1] Creating new partition __consumer_offsets-13 with topic id 0ZejAKjgSNO32vJ3dt0z3Q. (state.change.logger)
[2025-04-12 01:46:44,329] INFO [Broker id=1] Leader __consumer_offsets-13 with topic id Some(0ZejAKjgSNO32vJ3dt0z3Q) starts at leader epoch 0 from offset 0 with partition epoch 0, high watermark 0, ISR [1], adding replicas [] and removing replicas [] . Previous leader None and previous leader epoch was -1. (state.change.logger)
[2025-04-12 01:46:44,338] INFO [Broker id=1] Creating new partition __consumer_offsets-46 with topic id 0ZejAKjgSNO32vJ3dt0z3Q. (state.change.logger)
[2025-04-12 01:46:44,355] INFO [Broker id=1] Leader __consumer_offsets-46 with topic id Some(0ZejAKjgSNO32vJ3dt0z3Q) starts at leader epoch 0 from offset 0 with partition epoch 0, high watermark 0, ISR [1], adding replicas [] and removing replicas [] . Previous leader None and previous leader epoch was -1. (state.change.logger)
[2025-04-12 01:46:44,363] INFO [Broker id=1] Creating new partition __consumer_offsets-9 with topic id 0ZejAKjgSNO32vJ3dt0z3Q. (state.change.logger)
[2025-04-12 01:46:44,397] INFO [Broker id=1] Leader __consumer_offsets-9 with topic id Some(0ZejAKjgSNO32vJ3dt0z3Q) starts at leader epoch 0 from offset 0 with partition epoch 0, high watermark 0, ISR [1], adding replicas [] and removing replicas [] . Previous leader None and previous leader epoch was -1. (state.change.logger)
[2025-04-12 01:46:44,408] INFO [Broker id=1] Creating new partition __consumer_offsets-42 with topic id 0ZejAKjgSNO32vJ3dt0z3Q. (state.change.logger)
[2025-04-12 01:46:44,426] INFO [Broker id=1] Leader __consumer_offsets-42 with topic id Some(0ZejAKjgSNO32vJ3dt0z3Q) starts at leader epoch 0 from offset 0 with partition epoch 0, high watermark 0, ISR [1], adding replicas [] and removing replicas [] . Previous leader None and previous leader epoch was -1. (state.change.logger)
[2025-04-12 01:46:44,432] INFO [Broker id=1] Creating new partition __consumer_offsets-21 with topic id 0ZejAKjgSNO32vJ3dt0z3Q. (state.change.logger)
[2025-04-12 01:46:44,449] INFO [Broker id=1] Leader __consumer_offsets-21 with topic id Some(0ZejAKjgSNO32vJ3dt0z3Q) starts at leader epoch 0 from offset 0 with partition epoch 0, high watermark 0, ISR [1], adding replicas [] and removing replicas [] . Previous leader None and previous leader epoch was -1. (state.change.logger)
[2025-04-12 01:46:44,460] INFO [Broker id=1] Creating new partition __consumer_offsets-17 with topic id 0ZejAKjgSNO32vJ3dt0z3Q. (state.change.logger)
[2025-04-12 01:46:44,476] INFO [Broker id=1] Leader __consumer_offsets-17 with topic id Some(0ZejAKjgSNO32vJ3dt0z3Q) starts at leader epoch 0 from offset 0 with partition epoch 0, high watermark 0, ISR [1], adding replicas [] and removing replicas [] . Previous leader None and previous leader epoch was -1. (state.change.logger)
[2025-04-12 01:46:44,486] INFO [Broker id=1] Creating new partition __consumer_offsets-30 with topic id 0ZejAKjgSNO32vJ3dt0z3Q. (state.change.logger)
[2025-04-12 01:46:44,506] INFO [Broker id=1] Leader __consumer_offsets-30 with topic id Some(0ZejAKjgSNO32vJ3dt0z3Q) starts at leader epoch 0 from offset 0 with partition epoch 0, high watermark 0, ISR [1], adding replicas [] and removing replicas [] . Previous leader None and previous leader epoch was -1. (state.change.logger)
[2025-04-12 01:46:44,517] INFO [Broker id=1] Creating new partition __consumer_offsets-26 with topic id 0ZejAKjgSNO32vJ3dt0z3Q. (state.change.logger)
[2025-04-12 01:46:44,542] INFO [Broker id=1] Leader __consumer_offsets-26 with topic id Some(0ZejAKjgSNO32vJ3dt0z3Q) starts at leader epoch 0 from offset 0 with partition epoch 0, high watermark 0, ISR [1], adding replicas [] and removing replicas [] . Previous leader None and previous leader epoch was -1. (state.change.logger)
[2025-04-12 01:46:44,549] INFO [Broker id=1] Creating new partition __consumer_offsets-5 with topic id 0ZejAKjgSNO32vJ3dt0z3Q. (state.change.logger)
[2025-04-12 01:46:44,568] INFO [Broker id=1] Leader __consumer_offsets-5 with topic id Some(0ZejAKjgSNO32vJ3dt0z3Q) starts at leader epoch 0 from offset 0 with partition epoch 0, high watermark 0, ISR [1], adding replicas [] and removing replicas [] . Previous leader None and previous leader epoch was -1. (state.change.logger)
[2025-04-12 01:46:44,579] INFO [Broker id=1] Creating new partition __consumer_offsets-38 with topic id 0ZejAKjgSNO32vJ3dt0z3Q. (state.change.logger)
[2025-04-12 01:46:44,595] INFO [Broker id=1] Leader __consumer_offsets-38 with topic id Some(0ZejAKjgSNO32vJ3dt0z3Q) starts at leader epoch 0 from offset 0 with partition epoch 0, high watermark 0, ISR [1], adding replicas [] and removing replicas [] . Previous leader None and previous leader epoch was -1. (state.change.logger)
[2025-04-12 01:46:44,602] INFO [Broker id=1] Creating new partition __consumer_offsets-1 with topic id 0ZejAKjgSNO32vJ3dt0z3Q. (state.change.logger)
[2025-04-12 01:46:44,618] INFO [Broker id=1] Leader __consumer_offsets-1 with topic id Some(0ZejAKjgSNO32vJ3dt0z3Q) starts at leader epoch 0 from offset 0 with partition epoch 0, high watermark 0, ISR [1], adding replicas [] and removing replicas [] . Previous leader None and previous leader epoch was -1. (state.change.logger)
[2025-04-12 01:46:44,626] INFO [Broker id=1] Creating new partition __consumer_offsets-34 with topic id 0ZejAKjgSNO32vJ3dt0z3Q. (state.change.logger)
[2025-04-12 01:46:44,641] INFO [Broker id=1] Leader __consumer_offsets-34 with topic id Some(0ZejAKjgSNO32vJ3dt0z3Q) starts at leader epoch 0 from offset 0 with partition epoch 0, high watermark 0, ISR [1], adding replicas [] and removing replicas [] . Previous leader None and previous leader epoch was -1. (state.change.logger)
[2025-04-12 01:46:44,649] INFO [Broker id=1] Creating new partition __consumer_offsets-16 with topic id 0ZejAKjgSNO32vJ3dt0z3Q. (state.change.logger)
[2025-04-12 01:46:44,667] INFO [Broker id=1] Leader __consumer_offsets-16 with topic id Some(0ZejAKjgSNO32vJ3dt0z3Q) starts at leader epoch 0 from offset 0 with partition epoch 0, high watermark 0, ISR [1], adding replicas [] and removing replicas [] . Previous leader None and previous leader epoch was -1. (state.change.logger)
[2025-04-12 01:46:44,678] INFO [Broker id=1] Creating new partition __consumer_offsets-45 with topic id 0ZejAKjgSNO32vJ3dt0z3Q. (state.change.logger)
[2025-04-12 01:46:44,693] INFO [Broker id=1] Leader __consumer_offsets-45 with topic id Some(0ZejAKjgSNO32vJ3dt0z3Q) starts at leader epoch 0 from offset 0 with partition epoch 0, high watermark 0, ISR [1], adding replicas [] and removing replicas [] . Previous leader None and previous leader epoch was -1. (state.change.logger)
[2025-04-12 01:46:44,699] INFO [Broker id=1] Creating new partition __consumer_offsets-12 with topic id 0ZejAKjgSNO32vJ3dt0z3Q. (state.change.logger)
[2025-04-12 01:46:44,712] INFO [Broker id=1] Leader __consumer_offsets-12 with topic id Some(0ZejAKjgSNO32vJ3dt0z3Q) starts at leader epoch 0 from offset 0 with partition epoch 0, high watermark 0, ISR [1], adding replicas [] and removing replicas [] . Previous leader None and previous leader epoch was -1. (state.change.logger)
[2025-04-12 01:46:44,718] INFO [Broker id=1] Creating new partition __consumer_offsets-41 with topic id 0ZejAKjgSNO32vJ3dt0z3Q. (state.change.logger)
[2025-04-12 01:46:44,729] INFO [Broker id=1] Leader __consumer_offsets-41 with topic id Some(0ZejAKjgSNO32vJ3dt0z3Q) starts at leader epoch 0 from offset 0 with partition epoch 0, high watermark 0, ISR [1], adding replicas [] and removing replicas [] . Previous leader None and previous leader epoch was -1. (state.change.logger)
[2025-04-12 01:46:44,736] INFO [Broker id=1] Creating new partition __consumer_offsets-24 with topic id 0ZejAKjgSNO32vJ3dt0z3Q. (state.change.logger)
[2025-04-12 01:46:44,747] INFO [Broker id=1] Leader __consumer_offsets-24 with topic id Some(0ZejAKjgSNO32vJ3dt0z3Q) starts at leader epoch 0 from offset 0 with partition epoch 0, high watermark 0, ISR [1], adding replicas [] and removing replicas [] . Previous leader None and previous leader epoch was -1. (state.change.logger)
[2025-04-12 01:46:44,754] INFO [Broker id=1] Creating new partition __consumer_offsets-20 with topic id 0ZejAKjgSNO32vJ3dt0z3Q. (state.change.logger)
[2025-04-12 01:46:44,770] INFO [Broker id=1] Leader __consumer_offsets-20 with topic id Some(0ZejAKjgSNO32vJ3dt0z3Q) starts at leader epoch 0 from offset 0 with partition epoch 0, high watermark 0, ISR [1], adding replicas [] and removing replicas [] . Previous leader None and previous leader epoch was -1. (state.change.logger)
[2025-04-12 01:46:44,776] INFO [Broker id=1] Creating new partition __consumer_offsets-49 with topic id 0ZejAKjgSNO32vJ3dt0z3Q. (state.change.logger)
[2025-04-12 01:46:44,798] INFO [Broker id=1] Leader __consumer_offsets-49 with topic id Some(0ZejAKjgSNO32vJ3dt0z3Q) starts at leader epoch 0 from offset 0 with partition epoch 0, high watermark 0, ISR [1], adding replicas [] and removing replicas [] . Previous leader None and previous leader epoch was -1. (state.change.logger)
[2025-04-12 01:46:44,806] INFO [Broker id=1] Creating new partition __consumer_offsets-0 with topic id 0ZejAKjgSNO32vJ3dt0z3Q. (state.change.logger)
[2025-04-12 01:46:44,816] INFO [Broker id=1] Leader __consumer_offsets-0 with topic id Some(0ZejAKjgSNO32vJ3dt0z3Q) starts at leader epoch 0 from offset 0 with partition epoch 0, high watermark 0, ISR [1], adding replicas [] and removing replicas [] . Previous leader None and previous leader epoch was -1. (state.change.logger)
[2025-04-12 01:46:44,823] INFO [Broker id=1] Creating new partition __consumer_offsets-29 with topic id 0ZejAKjgSNO32vJ3dt0z3Q. (state.change.logger)
[2025-04-12 01:46:44,834] INFO [Broker id=1] Leader __consumer_offsets-29 with topic id Some(0ZejAKjgSNO32vJ3dt0z3Q) starts at leader epoch 0 from offset 0 with partition epoch 0, high watermark 0, ISR [1], adding replicas [] and removing replicas [] . Previous leader None and previous leader epoch was -1. (state.change.logger)
[2025-04-12 01:46:44,841] INFO [Broker id=1] Creating new partition __consumer_offsets-25 with topic id 0ZejAKjgSNO32vJ3dt0z3Q. (state.change.logger)
[2025-04-12 01:46:44,852] INFO [Broker id=1] Leader __consumer_offsets-25 with topic id Some(0ZejAKjgSNO32vJ3dt0z3Q) starts at leader epoch 0 from offset 0 with partition epoch 0, high watermark 0, ISR [1], adding replicas [] and removing replicas [] . Previous leader None and previous leader epoch was -1. (state.change.logger)
[2025-04-12 01:46:44,859] INFO [Broker id=1] Creating new partition __consumer_offsets-8 with topic id 0ZejAKjgSNO32vJ3dt0z3Q. (state.change.logger)
[2025-04-12 01:46:44,871] INFO [Broker id=1] Leader __consumer_offsets-8 with topic id Some(0ZejAKjgSNO32vJ3dt0z3Q) starts at leader epoch 0 from offset 0 with partition epoch 0, high watermark 0, ISR [1], adding replicas [] and removing replicas [] . Previous leader None and previous leader epoch was -1. (state.change.logger)
[2025-04-12 01:46:44,877] INFO [Broker id=1] Creating new partition __consumer_offsets-37 with topic id 0ZejAKjgSNO32vJ3dt0z3Q. (state.change.logger)
[2025-04-12 01:46:44,890] INFO [Broker id=1] Leader __consumer_offsets-37 with topic id Some(0ZejAKjgSNO32vJ3dt0z3Q) starts at leader epoch 0 from offset 0 with partition epoch 0, high watermark 0, ISR [1], adding replicas [] and removing replicas [] . Previous leader None and previous leader epoch was -1. (state.change.logger)
[2025-04-12 01:46:44,897] INFO [Broker id=1] Creating new partition __consumer_offsets-4 with topic id 0ZejAKjgSNO32vJ3dt0z3Q. (state.change.logger)
[2025-04-12 01:46:44,909] INFO [Broker id=1] Leader __consumer_offsets-4 with topic id Some(0ZejAKjgSNO32vJ3dt0z3Q) starts at leader epoch 0 from offset 0 with partition epoch 0, high watermark 0, ISR [1], adding replicas [] and removing replicas [] . Previous leader None and previous leader epoch was -1. (state.change.logger)
[2025-04-12 01:46:44,916] INFO [Broker id=1] Creating new partition __consumer_offsets-33 with topic id 0ZejAKjgSNO32vJ3dt0z3Q. (state.change.logger)
[2025-04-12 01:46:44,930] INFO [Broker id=1] Leader __consumer_offsets-33 with topic id Some(0ZejAKjgSNO32vJ3dt0z3Q) starts at leader epoch 0 from offset 0 with partition epoch 0, high watermark 0, ISR [1], adding replicas [] and removing replicas [] . Previous leader None and previous leader epoch was -1. (state.change.logger)
[2025-04-12 01:46:44,942] INFO [Broker id=1] Creating new partition __consumer_offsets-15 with topic id 0ZejAKjgSNO32vJ3dt0z3Q. (state.change.logger)
[2025-04-12 01:46:44,953] INFO [Broker id=1] Leader __consumer_offsets-15 with topic id Some(0ZejAKjgSNO32vJ3dt0z3Q) starts at leader epoch 0 from offset 0 with partition epoch 0, high watermark 0, ISR [1], adding replicas [] and removing replicas [] . Previous leader None and previous leader epoch was -1. (state.change.logger)
[2025-04-12 01:46:44,959] INFO [Broker id=1] Creating new partition __consumer_offsets-48 with topic id 0ZejAKjgSNO32vJ3dt0z3Q. (state.change.logger)
[2025-04-12 01:46:44,972] INFO [Broker id=1] Leader __consumer_offsets-48 with topic id Some(0ZejAKjgSNO32vJ3dt0z3Q) starts at leader epoch 0 from offset 0 with partition epoch 0, high watermark 0, ISR [1], adding replicas [] and removing replicas [] . Previous leader None and previous leader epoch was -1. (state.change.logger)
[2025-04-12 01:46:44,978] INFO [Broker id=1] Creating new partition __consumer_offsets-11 with topic id 0ZejAKjgSNO32vJ3dt0z3Q. (state.change.logger)
[2025-04-12 01:46:44,991] INFO [Broker id=1] Leader __consumer_offsets-11 with topic id Some(0ZejAKjgSNO32vJ3dt0z3Q) starts at leader epoch 0 from offset 0 with partition epoch 0, high watermark 0, ISR [1], adding replicas [] and removing replicas [] . Previous leader None and previous leader epoch was -1. (state.change.logger)
[2025-04-12 01:46:44,996] INFO [Broker id=1] Creating new partition __consumer_offsets-44 with topic id 0ZejAKjgSNO32vJ3dt0z3Q. (state.change.logger)
[2025-04-12 01:46:45,008] INFO [Broker id=1] Leader __consumer_offsets-44 with topic id Some(0ZejAKjgSNO32vJ3dt0z3Q) starts at leader epoch 0 from offset 0 with partition epoch 0, high watermark 0, ISR [1], adding replicas [] and removing replicas [] . Previous leader None and previous leader epoch was -1. (state.change.logger)
[2025-04-12 01:46:45,014] INFO [Broker id=1] Creating new partition __consumer_offsets-23 with topic id 0ZejAKjgSNO32vJ3dt0z3Q. (state.change.logger)
[2025-04-12 01:46:45,028] INFO [Broker id=1] Leader __consumer_offsets-23 with topic id Some(0ZejAKjgSNO32vJ3dt0z3Q) starts at leader epoch 0 from offset 0 with partition epoch 0, high watermark 0, ISR [1], adding replicas [] and removing replicas [] . Previous leader None and previous leader epoch was -1. (state.change.logger)
[2025-04-12 01:46:45,036] INFO [Broker id=1] Creating new partition __consumer_offsets-19 with topic id 0ZejAKjgSNO32vJ3dt0z3Q. (state.change.logger)
[2025-04-12 01:46:45,052] INFO [Broker id=1] Leader __consumer_offsets-19 with topic id Some(0ZejAKjgSNO32vJ3dt0z3Q) starts at leader epoch 0 from offset 0 with partition epoch 0, high watermark 0, ISR [1], adding replicas [] and removing replicas [] . Previous leader None and previous leader epoch was -1. (state.change.logger)
[2025-04-12 01:46:45,061] INFO [Broker id=1] Creating new partition __consumer_offsets-32 with topic id 0ZejAKjgSNO32vJ3dt0z3Q. (state.change.logger)
[2025-04-12 01:46:45,082] INFO [Broker id=1] Leader __consumer_offsets-32 with topic id Some(0ZejAKjgSNO32vJ3dt0z3Q) starts at leader epoch 0 from offset 0 with partition epoch 0, high watermark 0, ISR [1], adding replicas [] and removing replicas [] . Previous leader None and previous leader epoch was -1. (state.change.logger)
[2025-04-12 01:46:45,091] INFO [Broker id=1] Creating new partition __consumer_offsets-28 with topic id 0ZejAKjgSNO32vJ3dt0z3Q. (state.change.logger)
[2025-04-12 01:46:45,102] INFO [Broker id=1] Leader __consumer_offsets-28 with topic id Some(0ZejAKjgSNO32vJ3dt0z3Q) starts at leader epoch 0 from offset 0 with partition epoch 0, high watermark 0, ISR [1], adding replicas [] and removing replicas [] . Previous leader None and previous leader epoch was -1. (state.change.logger)
[2025-04-12 01:46:45,109] INFO [Broker id=1] Creating new partition __consumer_offsets-7 with topic id 0ZejAKjgSNO32vJ3dt0z3Q. (state.change.logger)
[2025-04-12 01:46:45,120] INFO [Broker id=1] Leader __consumer_offsets-7 with topic id Some(0ZejAKjgSNO32vJ3dt0z3Q) starts at leader epoch 0 from offset 0 with partition epoch 0, high watermark 0, ISR [1], adding replicas [] and removing replicas [] . Previous leader None and previous leader epoch was -1. (state.change.logger)
[2025-04-12 01:46:45,126] INFO [Broker id=1] Creating new partition __consumer_offsets-40 with topic id 0ZejAKjgSNO32vJ3dt0z3Q. (state.change.logger)
[2025-04-12 01:46:45,138] INFO [Broker id=1] Leader __consumer_offsets-40 with topic id Some(0ZejAKjgSNO32vJ3dt0z3Q) starts at leader epoch 0 from offset 0 with partition epoch 0, high watermark 0, ISR [1], adding replicas [] and removing replicas [] . Previous leader None and previous leader epoch was -1. (state.change.logger)
[2025-04-12 01:46:45,146] INFO [Broker id=1] Creating new partition __consumer_offsets-3 with topic id 0ZejAKjgSNO32vJ3dt0z3Q. (state.change.logger)
[2025-04-12 01:46:45,157] INFO [Broker id=1] Leader __consumer_offsets-3 with topic id Some(0ZejAKjgSNO32vJ3dt0z3Q) starts at leader epoch 0 from offset 0 with partition epoch 0, high watermark 0, ISR [1], adding replicas [] and removing replicas [] . Previous leader None and previous leader epoch was -1. (state.change.logger)
[2025-04-12 01:46:45,163] INFO [Broker id=1] Creating new partition __consumer_offsets-36 with topic id 0ZejAKjgSNO32vJ3dt0z3Q. (state.change.logger)
[2025-04-12 01:46:45,175] INFO [Broker id=1] Leader __consumer_offsets-36 with topic id Some(0ZejAKjgSNO32vJ3dt0z3Q) starts at leader epoch 0 from offset 0 with partition epoch 0, high watermark 0, ISR [1], adding replicas [] and removing replicas [] . Previous leader None and previous leader epoch was -1. (state.change.logger)
[2025-04-12 01:46:45,182] INFO [Broker id=1] Creating new partition __consumer_offsets-47 with topic id 0ZejAKjgSNO32vJ3dt0z3Q. (state.change.logger)
[2025-04-12 01:46:45,193] INFO [Broker id=1] Leader __consumer_offsets-47 with topic id Some(0ZejAKjgSNO32vJ3dt0z3Q) starts at leader epoch 0 from offset 0 with partition epoch 0, high watermark 0, ISR [1], adding replicas [] and removing replicas [] . Previous leader None and previous leader epoch was -1. (state.change.logger)
[2025-04-12 01:46:45,200] INFO [Broker id=1] Creating new partition __consumer_offsets-14 with topic id 0ZejAKjgSNO32vJ3dt0z3Q. (state.change.logger)
[2025-04-12 01:46:45,211] INFO [Broker id=1] Leader __consumer_offsets-14 with topic id Some(0ZejAKjgSNO32vJ3dt0z3Q) starts at leader epoch 0 from offset 0 with partition epoch 0, high watermark 0, ISR [1], adding replicas [] and removing replicas [] . Previous leader None and previous leader epoch was -1. (state.change.logger)
[2025-04-12 01:46:45,218] INFO [Broker id=1] Creating new partition __consumer_offsets-43 with topic id 0ZejAKjgSNO32vJ3dt0z3Q. (state.change.logger)
[2025-04-12 01:46:45,229] INFO [Broker id=1] Leader __consumer_offsets-43 with topic id Some(0ZejAKjgSNO32vJ3dt0z3Q) starts at leader epoch 0 from offset 0 with partition epoch 0, high watermark 0, ISR [1], adding replicas [] and removing replicas [] . Previous leader None and previous leader epoch was -1. (state.change.logger)
[2025-04-12 01:46:45,238] INFO [Broker id=1] Creating new partition __consumer_offsets-10 with topic id 0ZejAKjgSNO32vJ3dt0z3Q. (state.change.logger)
[2025-04-12 01:46:45,248] INFO [Broker id=1] Leader __consumer_offsets-10 with topic id Some(0ZejAKjgSNO32vJ3dt0z3Q) starts at leader epoch 0 from offset 0 with partition epoch 0, high watermark 0, ISR [1], adding replicas [] and removing replicas [] . Previous leader None and previous leader epoch was -1. (state.change.logger)
[2025-04-12 01:46:45,256] INFO [Broker id=1] Creating new partition __consumer_offsets-22 with topic id 0ZejAKjgSNO32vJ3dt0z3Q. (state.change.logger)
[2025-04-12 01:46:45,276] INFO [Broker id=1] Leader __consumer_offsets-22 with topic id Some(0ZejAKjgSNO32vJ3dt0z3Q) starts at leader epoch 0 from offset 0 with partition epoch 0, high watermark 0, ISR [1], adding replicas [] and removing replicas [] . Previous leader None and previous leader epoch was -1. (state.change.logger)
[2025-04-12 01:46:45,285] INFO [Broker id=1] Creating new partition __consumer_offsets-18 with topic id 0ZejAKjgSNO32vJ3dt0z3Q. (state.change.logger)
[2025-04-12 01:46:45,297] INFO [Broker id=1] Leader __consumer_offsets-18 with topic id Some(0ZejAKjgSNO32vJ3dt0z3Q) starts at leader epoch 0 from offset 0 with partition epoch 0, high watermark 0, ISR [1], adding replicas [] and removing replicas [] . Previous leader None and previous leader epoch was -1. (state.change.logger)
[2025-04-12 01:46:45,304] INFO [Broker id=1] Creating new partition __consumer_offsets-31 with topic id 0ZejAKjgSNO32vJ3dt0z3Q. (state.change.logger)
[2025-04-12 01:46:45,315] INFO [Broker id=1] Leader __consumer_offsets-31 with topic id Some(0ZejAKjgSNO32vJ3dt0z3Q) starts at leader epoch 0 from offset 0 with partition epoch 0, high watermark 0, ISR [1], adding replicas [] and removing replicas [] . Previous leader None and previous leader epoch was -1. (state.change.logger)
[2025-04-12 01:46:45,322] INFO [Broker id=1] Creating new partition __consumer_offsets-27 with topic id 0ZejAKjgSNO32vJ3dt0z3Q. (state.change.logger)
[2025-04-12 01:46:45,333] INFO [Broker id=1] Leader __consumer_offsets-27 with topic id Some(0ZejAKjgSNO32vJ3dt0z3Q) starts at leader epoch 0 from offset 0 with partition epoch 0, high watermark 0, ISR [1], adding replicas [] and removing replicas [] . Previous leader None and previous leader epoch was -1. (state.change.logger)
[2025-04-12 01:46:45,342] INFO [Broker id=1] Creating new partition __consumer_offsets-39 with topic id 0ZejAKjgSNO32vJ3dt0z3Q. (state.change.logger)
[2025-04-12 01:46:45,357] INFO [Broker id=1] Leader __consumer_offsets-39 with topic id Some(0ZejAKjgSNO32vJ3dt0z3Q) starts at leader epoch 0 from offset 0 with partition epoch 0, high watermark 0, ISR [1], adding replicas [] and removing replicas [] . Previous leader None and previous leader epoch was -1. (state.change.logger)
[2025-04-12 01:46:45,363] INFO [Broker id=1] Creating new partition __consumer_offsets-6 with topic id 0ZejAKjgSNO32vJ3dt0z3Q. (state.change.logger)
[2025-04-12 01:46:45,377] INFO [Broker id=1] Leader __consumer_offsets-6 with topic id Some(0ZejAKjgSNO32vJ3dt0z3Q) starts at leader epoch 0 from offset 0 with partition epoch 0, high watermark 0, ISR [1], adding replicas [] and removing replicas [] . Previous leader None and previous leader epoch was -1. (state.change.logger)
[2025-04-12 01:46:45,384] INFO [Broker id=1] Creating new partition __consumer_offsets-35 with topic id 0ZejAKjgSNO32vJ3dt0z3Q. (state.change.logger)
[2025-04-12 01:46:45,401] INFO [Broker id=1] Leader __consumer_offsets-35 with topic id Some(0ZejAKjgSNO32vJ3dt0z3Q) starts at leader epoch 0 from offset 0 with partition epoch 0, high watermark 0, ISR [1], adding replicas [] and removing replicas [] . Previous leader None and previous leader epoch was -1. (state.change.logger)
[2025-04-12 01:46:45,410] INFO [Broker id=1] Creating new partition __consumer_offsets-2 with topic id 0ZejAKjgSNO32vJ3dt0z3Q. (state.change.logger)
[2025-04-12 01:46:45,424] INFO [Broker id=1] Leader __consumer_offsets-2 with topic id Some(0ZejAKjgSNO32vJ3dt0z3Q) starts at leader epoch 0 from offset 0 with partition epoch 0, high watermark 0, ISR [1], adding replicas [] and removing replicas [] . Previous leader None and previous leader epoch was -1. (state.change.logger)
